<?xml version="1.0" encoding="UTF-8"?>
<testng-results skipped="0" failed="0" ignored="0" total="1" passed="1">
  <reporter-output>
  </reporter-output>
  <suite name="Default suite" duration-ms="5092" started-at="2019-08-11T09:27:27 IST" finished-at="2019-08-11T09:27:32 IST">
    <groups>
      <group name="cucumber">
        <method signature="TestRunner.feature(cucumber.api.testng.CucumberFeatureWrapper)[pri:0, instance:com.api.testrunner.TestRunner@22a67b4]" name="feature" class="com.api.testrunner.TestRunner"/>
      </group> <!-- cucumber -->
    </groups>
    <test name="Default test" duration-ms="5092" started-at="2019-08-11T09:27:27 IST" finished-at="2019-08-11T09:27:32 IST">
      <class name="com.api.testrunner.TestRunner">
        <test-method status="PASS" signature="setUpClass()[pri:0, instance:com.api.testrunner.TestRunner@22a67b4]" name="setUpClass" is-config="true" duration-ms="345" started-at="2019-08-11T09:27:27 IST" finished-at="2019-08-11T09:27:28 IST">
          <reporter-output>
          </reporter-output>
        </test-method> <!-- setUpClass -->
        <test-method status="PASS" signature="feature(cucumber.api.testng.CucumberFeatureWrapper)[pri:0, instance:com.api.testrunner.TestRunner@22a67b4]" name="feature" duration-ms="4264" started-at="2019-08-11T09:27:28 IST" description="Runs Cucumber Feature" data-provider="features" finished-at="2019-08-11T09:27:32 IST">
          <params>
            <param index="0">
              <value>
                <![CDATA[Promotions]]>
              </value>
            </param>
          </params>
          <reporter-output>
          </reporter-output>
        </test-method> <!-- feature -->
        <test-method status="PASS" signature="tearDownClass()[pri:0, instance:com.api.testrunner.TestRunner@22a67b4]" name="tearDownClass" is-config="true" duration-ms="319" started-at="2019-08-11T09:27:32 IST" finished-at="2019-08-11T09:27:32 IST">
          <reporter-output>
          </reporter-output>
        </test-method> <!-- tearDownClass -->
      </class> <!-- com.api.testrunner.TestRunner -->
    </test> <!-- Default test -->
  </suite> <!-- Default suite -->
</testng-results>
